<?xml version="1.0" encoding="UTF-8"?>
<testsuite xmlns:xsi="http://www.w3.org/2001/XMLSchema-instance" xsi:noNamespaceSchemaLocation="https://maven.apache.org/surefire/maven-surefire-plugin/xsd/surefire-test-report-3.0.xsd" version="3.0" name="com.example.signature.pks.PKSSignerTest" time="0.667" tests="3" errors="0" skipped="0" failures="0">
  <properties>
[...]
</properties>
  <testcase name="testBLS01Signer" classname="com.example.signature.pks.PKSSignerTest" time="0.414">
    <system-out><![CDATA[Test Boneh-Lynn-Shacham 2001 signature.
========================================
Test signer functionality
Signature length = 21
Signature' length = 21
Pairing signer functionality test pass.
========================================
Test signer parameters serialization & de-serialization.
Test serialize & de-serialize public key.
Test serialize & de-serialize secret keys.
Signer parameter serialization tests passed.

]]></system-out>
  </testcase>
  <testcase name="testBB08Signer" classname="com.example.signature.pks.PKSSignerTest" time="0.154">
    <system-out><![CDATA[Test Boneh-Boyen 2008 signature.
========================================
Test signer functionality
Signature length = 306
Signature' length = 306
Pairing signer functionality test pass.
========================================
Test signer parameters serialization & de-serialization.
Test serialize & de-serialize public key.
Test serialize & de-serialize secret keys.
Signer parameter serialization tests passed.

]]></system-out>
  </testcase>
  <testcase name="testBB04Signer" classname="com.example.signature.pks.PKSSignerTest" time="0.097">
    <system-out><![CDATA[Test Boneh-Boyen 2004 signature.
========================================
Test signer functionality
Signature length = 306
Signature' length = 306
Pairing signer functionality test pass.
========================================
Test signer parameters serialization & de-serialization.
Test serialize & de-serialize public key.
Test serialize & de-serialize secret keys.
Signer parameter serialization tests passed.

]]></system-out>
  </testcase>
</testsuite>